Flutter crash report; please file at https://github.com/flutter/flutter/issues.

## command

flutter run

## exception

FileSystemException: FileSystemException: Cannot open file, path = '/Users/vamshidharreddyroopreddy/Desktop/Admin_qui/.packages' (OS Error: No such file or directory, errno = 2)

```
#0      _File.throwIfError (dart:io/file_impl.dart:645:7)
#1      _File.openSync (dart:io/file_impl.dart:489:5)
#2      _File.readAsBytesSync (dart:io/file_impl.dart:549:18)
#3      ForwardingFile.readAsBytesSync (package:file/src/forwarding/forwarding_file.dart:95:62)
#4      ForwardingFile.readAsBytesSync (package:file/src/forwarding/forwarding_file.dart:95:62)
#5      _parse (package:flutter_tools/src/dart/package_map.dart:16:58)
#6      PackageMap.load (package:flutter_tools/src/dart/package_map.dart:49:14)
#7      PackageMap.map (package:flutter_tools/src/dart/package_map.dart:53:5)
#8      new PackageUriMapper (package:flutter_tools/src/compile.dart:199:116)
#9      DefaultResidentCompiler._recompile (package:flutter_tools/src/compile.dart:647:26)
#10     _RecompileRequest._run (package:flutter_tools/src/compile.dart:408:16)
#11     _CompilationRequest.run (package:flutter_tools/src/compile.dart:388:30)
#12     DefaultResidentCompiler._handleCompilationRequest (package:flutter_tools/src/compile.dart:693:23)
#13     _rootRunUnary (dart:async/zone.dart:1196:13)
#14     _CustomZone.runUnary (dart:async/zone.dart:1085:19)
#15     _CustomZone.runUnaryGuarded (dart:async/zone.dart:987:7)
#16     _BufferingStreamSubscription._sendData (dart:async/stream_impl.dart:339:11)
#17     _DelayedData.perform (dart:async/stream_impl.dart:594:14)
#18     _StreamImplEvents.handleNext (dart:async/stream_impl.dart:710:11)
#19     _PendingEvents.schedule.<anonymous closure> (dart:async/stream_impl.dart:670:7)
#20     _rootRun (dart:async/zone.dart:1180:38)
#21     _CustomZone.run (dart:async/zone.dart:1077:19)
#22     _CustomZone.runGuarded (dart:async/zone.dart:979:7)
#23     _CustomZone.bindCallbackGuarded.<anonymous closure> (dart:async/zone.dart:1019:23)
#24     _rootRun (dart:async/zone.dart:1184:13)
#25     _CustomZone.run (dart:async/zone.dart:1077:19)
#26     _CustomZone.runGuarded (dart:async/zone.dart:979:7)
#27     _CustomZone.bindCallbackGuarded.<anonymous closure> (dart:async/zone.dart:1019:23)
#28     _microtaskLoop (dart:async/schedule_microtask.dart:43:21)
#29     _startMicrotaskLoop (dart:async/schedule_microtask.dart:52:5)
#30     _runPendingImmediateCallback (dart:isolate-patch/isolate_patch.dart:118:13)
#31     _RawReceivePortImpl._handleMessage (dart:isolate-patch/isolate_patch.dart:169:5)
```

## flutter doctor

```
[✓] Flutter (Channel stable, v1.17.2, on Mac OS X 10.15.3 19D49f, locale en-IN)
    • Flutter version 1.17.2 at /Users/vamshidharreddyroopreddy/flutter
    • Framework revision 5f21edf8b6 (3 weeks ago), 2020-05-28 12:44:12 -0700
    • Engine revision b851c71829
    • Dart version 2.8.3

[✓] Android toolchain - develop for Android devices (Android SDK version 29.0.2)
    • Android SDK at /Users/vamshidharreddyroopreddy/Library/Android/sdk
    • Platform android-29, build-tools 29.0.2
    • Java binary at: /Applications/Android Studio.app/Contents/jre/jdk/Contents/Home/bin/java
    • Java version OpenJDK Runtime Environment (build 1.8.0_202-release-1483-b49-5587405)
    • All Android licenses accepted.

[✓] Xcode - develop for iOS and macOS (Xcode 11.3)
    • Xcode at /Applications/Xcode.app/Contents/Developer
    • Xcode 11.3, Build version 11C29
    • CocoaPods version 1.8.4

[!] Android Studio (version 3.5)
    • Android Studio at /Applications/Android Studio.app/Contents
    ✗ Flutter plugin not installed; this adds Flutter specific functionality.
    ✗ Dart plugin not installed; this adds Dart specific functionality.
    • Java version OpenJDK Runtime Environment (build 1.8.0_202-release-1483-b49-5587405)

[✓] Connected device (1 available)
    • ONEPLUS A6010 • 45ec4668 • android-arm64 • Android 10 (API 29)

! Doctor found issues in 1 category.
```
